# JRE version: OpenJDK Runtime Environment (17.0.2+8) (build 17.0.2+8-86)
# Java VM: OpenJDK 64-Bit Server VM (17.0.2+8-86, mixed mode, emulated-client, sharing, tiered, compressed oops, compressed class ptrs, g1 gc, windows-amd64)
GC Precious Log:
 CPUs: 4 total, 4 available
 Memory: 16101M
 Large Page Support: Disabled
 NUMA Support: Disabled
 Compressed Oops: Enabled (Zero based)
 Heap Region Size: 2M
 Heap Min Capacity: 8M
 Heap Initial Capacity: 252M
 Heap Max Capacity: 4026M
 Pre-touch: Disabled
 Parallel Workers: 4
 Concurrent Workers: 1
 Concurrent Refinement Workers: 4
 Periodic GC: Disabled
Heap:
 garbage-first heap   total 311296K, used 67238K [0x0000000704600000, 0x0000000800000000)
  region size 2048K, 1 young (2048K), 1 survivors (2048K)
 Metaspace       used 71068K, committed 71680K, reserved 1114112K
  class space    used 9821K, committed 10112K, reserved 1048576K
GC Heap History (20 events):
Event: 9.111 GC heap after
{Heap after GC invocations=19 (full 0):
 garbage-first heap   total 102400K, used 39523K [0x0000000704600000, 0x0000000800000000)
  region size 2048K, 3 young (6144K), 3 survivors (6144K)
 Metaspace       used 59955K, committed 60480K, reserved 1105920K
  class space    used 8479K, committed 8768K, reserved 1048576K
}
Event: 9.467 GC heap before
{Heap before GC invocations=20 (full 0):
 garbage-first heap   total 102400K, used 78435K [0x0000000704600000, 0x0000000800000000)
  region size 2048K, 23 young (47104K), 3 survivors (6144K)
 Metaspace       used 60049K, committed 60608K, reserved 1105920K
  class space    used 8499K, committed 8768K, reserved 1048576K
}
Event: 9.482 GC heap after
{Heap after GC invocations=21 (full 0):
 garbage-first heap   total 102400K, used 46494K [0x0000000704600000, 0x0000000800000000)
  region size 2048K, 3 young (6144K), 3 survivors (6144K)
 Metaspace       used 60049K, committed 60608K, reserved 1105920K
  class space    used 8499K, committed 8768K, reserved 1048576K
}
Event: 9.765 GC heap before
{Heap before GC invocations=21 (full 0):
 garbage-first heap   total 102400K, used 77214K [0x0000000704600000, 0x0000000800000000)
  region size 2048K, 19 young (38912K), 3 survivors (6144K)
 Metaspace       used 60104K, committed 60608K, reserved 1105920K
  class space    used 8513K, committed 8768K, reserved 1048576K
}
Event: 9.783 GC heap after
{Heap after GC invocations=22 (full 0):
 garbage-first heap   total 102400K, used 55600K [0x0000000704600000, 0x0000000800000000)
  region size 2048K, 3 young (6144K), 3 survivors (6144K)
 Metaspace       used 60104K, committed 60608K, reserved 1105920K
  class space    used 8513K, committed 8768K, reserved 1048576K
}
Event: 9.865 GC heap before
{Heap before GC invocations=22 (full 0):
 garbage-first heap   total 102400K, used 76080K [0x0000000704600000, 0x0000000800000000)
  region size 2048K, 14 young (28672K), 3 survivors (6144K)
 Metaspace       used 60104K, committed 60608K, reserved 1105920K
  class space    used 8513K, committed 8768K, reserved 1048576K
}
Event: 9.876 GC heap after
{Heap after GC invocations=23 (full 0):
 garbage-first heap   total 102400K, used 61228K [0x0000000704600000, 0x0000000800000000)
  region size 2048K, 2 young (4096K), 2 survivors (4096K)
 Metaspace       used 60104K, committed 60608K, reserved 1105920K
  class space    used 8513K, committed 8768K, reserved 1048576K
}
Event: 10.027 GC heap before
{Heap before GC invocations=23 (full 0):
 garbage-first heap   total 102400K, used 77612K [0x0000000704600000, 0x0000000800000000)
  region size 2048K, 11 young (22528K), 2 survivors (4096K)
 Metaspace       used 60104K, committed 60608K, reserved 1105920K
  class space    used 8513K, committed 8768K, reserved 1048576K
}
Event: 10.034 GC heap after
{Heap after GC invocations=24 (full 0):
 garbage-first heap   total 178176K, used 65324K [0x0000000704600000, 0x0000000800000000)
  region size 2048K, 2 young (4096K), 2 survivors (4096K)
 Metaspace       used 60104K, committed 60608K, reserved 1105920K
  class space    used 8513K, committed 8768K, reserved 1048576K
}
Event: 10.950 GC heap before
{Heap before GC invocations=25 (full 0):
 garbage-first heap   total 178176K, used 128812K [0x0000000704600000, 0x0000000800000000)
  region size 2048K, 34 young (69632K), 2 survivors (4096K)
 Metaspace       used 60084K, committed 60608K, reserved 1105920K
  class space    used 8510K, committed 8768K, reserved 1048576K
}
Event: 10.970 GC heap after
{Heap after GC invocations=26 (full 0):
 garbage-first heap   total 178176K, used 80551K [0x0000000704600000, 0x0000000800000000)
  region size 2048K, 5 young (10240K), 5 survivors (10240K)
 Metaspace       used 60084K, committed 60608K, reserved 1105920K
  class space    used 8510K, committed 8768K, reserved 1048576K
}
Event: 10.980 GC heap before
{Heap before GC invocations=26 (full 0):
 garbage-first heap   total 178176K, used 82599K [0x0000000704600000, 0x0000000800000000)
  region size 2048K, 6 young (12288K), 5 survivors (10240K)
 Metaspace       used 60084K, committed 60608K, reserved 1105920K
  class space    used 8510K, committed 8768K, reserved 1048576K
}
Event: 10.993 GC heap after
{Heap after GC invocations=27 (full 0):
 garbage-first heap   total 178176K, used 81764K [0x0000000704600000, 0x0000000800000000)
  region size 2048K, 1 young (2048K), 1 survivors (2048K)
 Metaspace       used 60084K, committed 60608K, reserved 1105920K
  class space    used 8510K, committed 8768K, reserved 1048576K
}
Event: 11.900 GC heap before
{Heap before GC invocations=27 (full 0):
 garbage-first heap   total 178176K, used 128868K [0x0000000704600000, 0x0000000800000000)
  region size 2048K, 25 young (51200K), 1 survivors (2048K)
 Metaspace       used 61670K, committed 62208K, reserved 1105920K
  class space    used 8770K, committed 9024K, reserved 1048576K
}
Event: 11.915 GC heap after
{Heap after GC invocations=28 (full 0):
 garbage-first heap   total 178176K, used 90921K [0x0000000704600000, 0x0000000800000000)
  region size 2048K, 4 young (8192K), 4 survivors (8192K)
 Metaspace       used 61670K, committed 62208K, reserved 1105920K
  class space    used 8770K, committed 9024K, reserved 1048576K
}
Event: 13.028 GC heap before
{Heap before GC invocations=29 (full 0):
 garbage-first heap   total 178176K, used 129833K [0x0000000704600000, 0x0000000800000000)
  region size 2048K, 25 young (51200K), 4 survivors (8192K)
 Metaspace       used 68939K, committed 69568K, reserved 1114112K
  class space    used 9679K, committed 9984K, reserved 1048576K
}
Event: 13.044 GC heap after
{Heap after GC invocations=30 (full 0):
 garbage-first heap   total 178176K, used 91704K [0x0000000704600000, 0x0000000800000000)
  region size 2048K, 3 young (6144K), 3 survivors (6144K)
 Metaspace       used 68939K, committed 69568K, reserved 1114112K
  class space    used 9679K, committed 9984K, reserved 1048576K
}
Event: 13.098 GC heap before
{Heap before GC invocations=30 (full 0):
 garbage-first heap   total 178176K, used 91704K [0x0000000704600000, 0x0000000800000000)
  region size 2048K, 4 young (8192K), 3 survivors (6144K)
 Metaspace       used 69423K, committed 70016K, reserved 1114112K
  class space    used 9718K, committed 9984K, reserved 1048576K
}
Event: 13.109 GC heap after
{Heap after GC invocations=31 (full 0):
 garbage-first heap   total 178176K, used 74746K [0x0000000704600000, 0x0000000800000000)
  region size 2048K, 1 young (2048K), 1 survivors (2048K)
 Metaspace       used 69423K, committed 70016K, reserved 1114112K
  class space    used 9718K, committed 9984K, reserved 1048576K
}
Event: 13.250 GC heap before
{Heap before GC invocations=31 (full 0):
 garbage-first heap   total 178176K, used 80890K [0x0000000704600000, 0x0000000800000000)
  region size 2048K, 4 young (8192K), 1 survivors (2048K)
 Metaspace       used 71068K, committed 71680K, reserved 1114112K
  class space    used 9821K, committed 10112K, reserved 1048576K
}

